# JRE version: Java(TM) SE Runtime Environment (12.0.2+10) (build 12.0.2+10)
# Java VM: Java HotSpot(TM) 64-Bit Server VM (12.0.2+10, mixed mode, sharing, tiered, compressed oops, g1 gc, windows-amd64)
Heap:
 garbage-first heap   total 122880K, used 71150K [0x0000000701000000, 0x0000000800000000)
  region size 1024K, 36 young (36864K), 0 survivors (0K)
 Metaspace       used 15792K, capacity 16807K, committed 17024K, reserved 1064960K
  class space    used 1706K, capacity 1878K, committed 1920K, reserved 1048576K
GC Heap History (10 events):
Event: 154.270 GC heap before
{Heap before GC invocations=50 (full 21):
 garbage-first heap   total 122880K, used 45543K [0x0000000701000000, 0x0000000800000000)
  region size 1024K, 11 young (11264K), 0 survivors (0K)
 Metaspace       used 15745K, capacity 16807K, committed 17024K, reserved 1064960K
  class space    used 1706K, capacity 1878K, committed 1920K, reserved 1048576K
}
Event: 154.277 GC heap after
{Heap after GC invocations=51 (full 22):
 garbage-first heap   total 122880K, used 35304K [0x0000000701000000, 0x0000000800000000)
  region size 1024K, 0 young (0K), 0 survivors (0K)
 Metaspace       used 15745K, capacity 16807K, committed 17024K, reserved 1064960K
  class space    used 1706K, capacity 1878K, committed 1920K, reserved 1048576K
}
Event: 161.137 GC heap before
{Heap before GC invocations=51 (full 22):
 garbage-first heap   total 122880K, used 45544K [0x0000000701000000, 0x0000000800000000)
  region size 1024K, 11 young (11264K), 0 survivors (0K)
 Metaspace       used 15745K, capacity 16807K, committed 17024K, reserved 1064960K
  class space    used 1706K, capacity 1878K, committed 1920K, reserved 1048576K
}
Event: 161.145 GC heap after
{Heap after GC invocations=52 (full 23):
 garbage-first heap   total 122880K, used 35304K [0x0000000701000000, 0x0000000800000000)
  region size 1024K, 0 young (0K), 0 survivors (0K)
 Metaspace       used 15745K, capacity 16807K, committed 17024K, reserved 1064960K
  class space    used 1706K, capacity 1878K, committed 1920K, reserved 1048576K
}
Event: 168.077 GC heap before
{Heap before GC invocations=52 (full 23):
 garbage-first heap   total 122880K, used 45544K [0x0000000701000000, 0x0000000800000000)
  region size 1024K, 11 young (11264K), 0 survivors (0K)
 Metaspace       used 15746K, capacity 16807K, committed 17024K, reserved 1064960K
  class space    used 1706K, capacity 1878K, committed 1920K, reserved 1048576K
}
Event: 168.086 GC heap after
{Heap after GC invocations=53 (full 24):
 garbage-first heap   total 122880K, used 35309K [0x0000000701000000, 0x0000000800000000)
  region size 1024K, 0 young (0K), 0 survivors (0K)
 Metaspace       used 15746K, capacity 16807K, committed 17024K, reserved 1064960K
  class space    used 1706K, capacity 1878K, committed 1920K, reserved 1048576K
}
Event: 175.357 GC heap before
{Heap before GC invocations=53 (full 24):
 garbage-first heap   total 122880K, used 45549K [0x0000000701000000, 0x0000000800000000)
  region size 1024K, 11 young (11264K), 0 survivors (0K)
 Metaspace       used 15747K, capacity 16807K, committed 17024K, reserved 1064960K
  class space    used 1706K, capacity 1878K, committed 1920K, reserved 1048576K
}
Event: 175.366 GC heap after
{Heap after GC invocations=54 (full 25):
 garbage-first heap   total 122880K, used 35310K [0x0000000701000000, 0x0000000800000000)
  region size 1024K, 0 young (0K), 0 survivors (0K)
 Metaspace       used 15747K, capacity 16807K, committed 17024K, reserved 1064960K
  class space    used 1706K, capacity 1878K, committed 1920K, reserved 1048576K
}
Event: 184.809 GC heap before
{Heap before GC invocations=54 (full 25):
 garbage-first heap   total 122880K, used 45550K [0x0000000701000000, 0x0000000800000000)
  region size 1024K, 11 young (11264K), 0 survivors (0K)
 Metaspace       used 15747K, capacity 16807K, committed 17024K, reserved 1064960K
  class space    used 1706K, capacity 1878K, committed 1920K, reserved 1048576K
}
Event: 184.827 GC heap after
{Heap after GC invocations=55 (full 26):
 garbage-first heap   total 122880K, used 35310K [0x0000000701000000, 0x0000000800000000)
  region size 1024K, 0 young (0K), 0 survivors (0K)
 Metaspace       used 15747K, capacity 16807K, committed 17024K, reserved 1064960K
  class space    used 1706K, capacity 1878K, committed 1920K, reserved 1048576K
}

