# JRE version: Java(TM) SE Runtime Environment (12.0.2+10) (build 12.0.2+10)
# Java VM: Java HotSpot(TM) 64-Bit Server VM (12.0.2+10, mixed mode, sharing, tiered, compressed oops, g1 gc, windows-amd64)
Heap:
 garbage-first heap   total 262144K, used 68846K [0x0000000701000000, 0x0000000800000000)
  region size 1024K, 47 young (48128K), 3 survivors (3072K)
 Metaspace       used 15317K, capacity 16423K, committed 16512K, reserved 1064960K
  class space    used 1700K, capacity 1878K, committed 1920K, reserved 1048576K
GC Heap History (10 events):
Event: 6.065 GC heap before
{Heap before GC invocations=24 (full 0):
 garbage-first heap   total 262144K, used 179081K [0x0000000701000000, 0x0000000800000000)
  region size 1024K, 153 young (156672K), 2 survivors (2048K)
 Metaspace       used 12736K, capacity 14451K, committed 14592K, reserved 1062912K
  class space    used 1490K, capacity 1710K, committed 1792K, reserved 1048576K
}
Event: 6.066 GC heap after
{Heap after GC invocations=25 (full 0):
 garbage-first heap   total 262144K, used 24533K [0x0000000701000000, 0x0000000800000000)
  region size 1024K, 2 young (2048K), 2 survivors (2048K)
 Metaspace       used 12736K, capacity 14451K, committed 14592K, reserved 1062912K
  class space    used 1490K, capacity 1710K, committed 1792K, reserved 1048576K
}
Event: 6.245 GC heap before
{Heap before GC invocations=25 (full 0):
 garbage-first heap   total 262144K, used 179157K [0x0000000701000000, 0x0000000800000000)
  region size 1024K, 153 young (156672K), 2 survivors (2048K)
 Metaspace       used 12874K, capacity 14611K, committed 14848K, reserved 1062912K
  class space    used 1514K, capacity 1742K, committed 1792K, reserved 1048576K
}
Event: 6.246 GC heap after
{Heap after GC invocations=26 (full 0):
 garbage-first heap   total 262144K, used 24471K [0x0000000701000000, 0x0000000800000000)
  region size 1024K, 2 young (2048K), 2 survivors (2048K)
 Metaspace       used 12874K, capacity 14611K, committed 14848K, reserved 1062912K
  class space    used 1514K, capacity 1742K, committed 1792K, reserved 1048576K
}
Event: 6.396 GC heap before
{Heap before GC invocations=26 (full 0):
 garbage-first heap   total 262144K, used 179095K [0x0000000701000000, 0x0000000800000000)
  region size 1024K, 153 young (156672K), 2 survivors (2048K)
 Metaspace       used 12874K, capacity 14611K, committed 14848K, reserved 1062912K
  class space    used 1514K, capacity 1742K, committed 1792K, reserved 1048576K
}
Event: 6.397 GC heap after
{Heap after GC invocations=27 (full 0):
 garbage-first heap   total 262144K, used 24601K [0x0000000701000000, 0x0000000800000000)
  region size 1024K, 2 young (2048K), 2 survivors (2048K)
 Metaspace       used 12874K, capacity 14611K, committed 14848K, reserved 1062912K
  class space    used 1514K, capacity 1742K, committed 1792K, reserved 1048576K
}
Event: 6.731 GC heap before
{Heap before GC invocations=27 (full 0):
 garbage-first heap   total 262144K, used 179225K [0x0000000701000000, 0x0000000800000000)
  region size 1024K, 153 young (156672K), 2 survivors (2048K)
 Metaspace       used 14168K, capacity 15396K, committed 15744K, reserved 1062912K
  class space    used 1637K, capacity 1813K, committed 1920K, reserved 1048576K
}
Event: 6.733 GC heap after
{Heap after GC invocations=28 (full 0):
 garbage-first heap   total 262144K, used 24916K [0x0000000701000000, 0x0000000800000000)
  region size 1024K, 3 young (3072K), 3 survivors (3072K)
 Metaspace       used 14168K, capacity 15396K, committed 15744K, reserved 1062912K
  class space    used 1637K, capacity 1813K, committed 1920K, reserved 1048576K
}
Event: 6.899 GC heap before
{Heap before GC invocations=28 (full 0):
 garbage-first heap   total 262144K, used 178516K [0x0000000701000000, 0x0000000800000000)
  region size 1024K, 153 young (156672K), 3 survivors (3072K)
 Metaspace       used 14172K, capacity 15396K, committed 15744K, reserved 1062912K
  class space    used 1637K, capacity 1813K, committed 1920K, reserved 1048576K
}
Event: 6.900 GC heap after
{Heap after GC invocations=29 (full 0):
 garbage-first heap   total 262144K, used 24814K [0x0000000701000000, 0x0000000800000000)
  region size 1024K, 3 young (3072K), 3 survivors (3072K)
 Metaspace       used 14172K, capacity 15396K, committed 15744K, reserved 1062912K
  class space    used 1637K, capacity 1813K, committed 1920K, reserved 1048576K
}

